<?xml version="1.0" encoding="UTF-8"?>
<!-- Generated by org.testng.reporters.JUnitReportReporter -->
<testsuite hostname="DESKTOP-TGPHOC5" failures="0" tests="1" name="g.NewTest" time="2.871" errors="0" timestamp="09 Dec 2021 17:50:46 GMT" skipped="0">
  <testcase classname="g.NewTest" name="f" time="2.871"/>
</testsuite> <!-- g.NewTest -->
