<?xml version="1.0" encoding="UTF-8"?>
<!-- Generated by org.testng.reporters.JUnitReportReporter -->
<testsuite hostname="DESKTOP-TGPHOC5" failures="0" tests="1" name="g.NewTest" time="37.161" errors="0" timestamp="10 Dec 2021 06:54:46 GMT" skipped="0">
  <testcase classname="g.NewTest" name="f" time="37.161"/>
</testsuite> <!-- g.NewTest -->
